build/app/outputs/mapping/release/mapping.txt
# compiler: R8
# compiler_version: 1.5.64
# min_api: 16
# pg_map_id: ae30e0a
...
com.lyokone.location.FlutterLocation$6 -> b.b.a.a$f:
    com.lyokone.location.FlutterLocation this$0 -> a
    void onSuccess(com.google.android.gms.location.LocationSettingsResponse) -> a
com.lyokone.location.LocationPlugin -> b.b.a.b:
    io.flutter.embedding.engine.plugins.activity.ActivityPluginBinding activityBinding -> e
    com.lyokone.location.FlutterLocation location -> c
    io.flutter.embedding.engine.plugins.FlutterPlugin$FlutterPluginBinding pluginBinding -> d
    com.lyokone.location.MethodCallHandlerImpl methodCallHandler -> a
    com.lyokone.location.StreamHandlerImpl streamHandlerImpl -> b
    void setup(io.flutter.plugin.common.BinaryMessenger,android.app.Activity,io.flutter.plugin.common.PluginRegistry$Registrar) -> a
    void tearDown() -> a
com.lyokone.location.MethodCallHandlerImpl -> b.b.a.c:
    com.lyokone.location.FlutterLocation location -> a
    io.flutter.plugin.common.MethodChannel channel -> b
    void onChangeSettings(io.flutter.plugin.common.MethodCall,io.flutter.plugin.common.MethodChannel$Result) -> a
    void onGetLocation(io.flutter.plugin.common.MethodChannel$Result) -> a
    void startListening(io.flutter.plugin.common.BinaryMessenger) -> a
    void stopListening() -> a
    void onHasPermission(io.flutter.plugin.common.MethodChannel$Result) -> b
    void onRequestPermission(io.flutter.plugin.common.MethodChannel$Result) -> c
com.lyokone.location.StreamHandlerImpl -> b.b.a.d:
    com.lyokone.location.FlutterLocation location -> a
    io.flutter.plugin.common.EventChannel channel -> b
    void startListening(io.flutter.plugin.common.BinaryMessenger) -> a
    void stopListening() -> a
io.flutter.Log -> c.a.a:
    void d(java.lang.String,java.lang.String) -> a
    void e(java.lang.String,java.lang.String,java.lang.Throwable) -> a
    void e(java.lang.String,java.lang.String) -> b
    void v(java.lang.String,java.lang.String) -> c
    void w(java.lang.String,java.lang.String) -> d
io.flutter.embedding.android.AndroidKeyProcessor -> io.flutter.embedding.android.a:
    io.flutter.embedding.engine.systemchannels.KeyEventChannel keyEventChannel -> a
    int combiningCharacter -> c
    io.flutter.plugin.editing.TextInputPlugin textInputPlugin -> b
    java.lang.Character applyCombiningCharacterToBaseCharacter(int) -> a
    void onKeyDown(android.view.KeyEvent) -> a
    void onKeyUp(android.view.KeyEvent) -> b
io.flutter.embedding.android.AndroidTouchProcessor -> io.flutter.embedding.android.b:
    io.flutter.embedding.engine.renderer.FlutterRenderer renderer -> a
    void addPointerForIndex(android.view.MotionEvent,int,int,int,java.nio.ByteBuffer) -> a
    int getPointerChangeForAction(int) -> a
    boolean onGenericMotionEvent(android.view.MotionEvent) -> a
    int getPointerDeviceTypeForToolType(int) -> b
    boolean onTouchEvent(android.view.MotionEvent) -> b
io.flutter.embedding.android.DrawableSplashScreen -> io.flutter.embedding.android.c:
    android.widget.ImageView$ScaleType scaleType -> b
    io.flutter.embedding.android.DrawableSplashScreen$DrawableSplashScreenView splashView -> d
    long crossfadeDurationInMillis -> c
    android.graphics.drawable.Drawable drawable -> a
    android.view.View createSplashView(android.content.Context,android.os.Bundle) -> a
    boolean doesSplashViewRememberItsTransition() -> a
    void transitionToFlutter(java.lang.Runnable) -> a
    android.os.Bundle saveSplashScreenState() -> b
io.flutter.embedding.android.DrawableSplashScreen$1 -> io.flutter.embedding.android.c$a:
    java.lang.Runnable val$onTransitionComplete -> a
io.flutter.embedding.android.DrawableSplashScreen$DrawableSplashScreenView -> io.flutter.embedding.android.c$b:
    void setSplashDrawable(android.graphics.drawable.Drawable,android.widget.ImageView$ScaleType) -> a